<?xml version="1.0" encoding="UTF-8"?>
<robot generator="Rebot 7.3 (Python 3.13.1 on win32)" generated="2025-06-12T12:11:13.521883" rpa="false" schemaversion="5">
<suite id="s1" name="Tests" source="C:\Users\csaba\Documents\Projects\qa-suite-rec\robot-framework-python-tests\tests">
<suite id="s1-s1" name="Api Tests" source="C:\Users\csaba\Documents\Projects\qa-suite-rec\robot-framework-python-tests\tests\api_tests">
<suite id="s1-s1-s1" name="Data Driven Launch Tests" source="C:\Users\csaba\Documents\Projects\qa-suite-rec\robot-framework-python-tests\tests\api_tests\data_driven_launch_tests.robot">
<test id="s1-s1-s1-t1" name="Validate Multiple Past Launches" line="8">
<kw name="Read CSV File To List">
<msg time="2025-06-12T12:10:38.846690" level="FAIL">No keyword with name 'Read CSV File To List' found.</msg>
<var>${launches}</var>
<arg>${CSV_PATH}</arg>
<status status="FAIL" start="2025-06-12T12:10:38.846412" elapsed="0.000376">No keyword with name 'Read CSV File To List' found.</status>
</kw>
<for flavor="IN">
<iter>
<kw name="Get Launch By ID">
<var>${response}</var>
<arg>${launch}[id]</arg>
<status status="NOT RUN" start="2025-06-12T12:10:38.847599" elapsed="0.000065"/>
</kw>
<kw name="Validate Launch Details">
<arg>${response}</arg>
<arg>${launch}</arg>
<status status="NOT RUN" start="2025-06-12T12:10:38.847759" elapsed="0.000050"/>
</kw>
<var name="${launch}"/>
<status status="NOT RUN" start="2025-06-12T12:10:38.847423" elapsed="0.000419"/>
</iter>
<var>${launch}</var>
<value>@{launches}</value>
<status status="NOT RUN" start="2025-06-12T12:10:38.847075" elapsed="0.000816"/>
</for>
<doc>This test reads launch data from a CSV and validates it.</doc>
<status status="FAIL" start="2025-06-12T12:10:38.844447" elapsed="0.003593">No keyword with name 'Read CSV File To List' found.</status>
</test>
<status status="FAIL" start="2025-06-12T12:10:38.840000" elapsed="0.004000"/>
</suite>
<status status="FAIL" start="2025-06-12T12:10:38.839000" elapsed="0.004000"/>
</suite>
<suite id="s1-s2" name="Gui Tests" source="C:\Users\csaba\Documents\Projects\qa-suite-rec\robot-framework-python-tests\tests\gui_tests">
<suite id="s1-s2-s1" name="Iframe Launch Tests" source="C:\Users\csaba\Documents\Projects\qa-suite-rec\robot-framework-python-tests\tests\gui_tests\iframe_launch_tests.robot">
<kw name="Open Launch Page" owner="spacex_ui_keywords" type="SETUP">
<kw name="Open Browser" owner="SeleniumLibrary">
<msg time="2025-06-12T12:10:41.162629" level="INFO">Opening browser 'Chrome' to base url 'https://www.spacex.com/launches/latest'.</msg>
<arg>${url}</arg>
<arg>${browser}</arg>
<doc>Opens a new browser instance to the optional ``url``.</doc>
<status status="PASS" start="2025-06-12T12:10:41.162364" elapsed="7.728517"/>
</kw>
<kw name="Maximize Browser Window" owner="SeleniumLibrary">
<doc>Maximizes current browser window.</doc>
<status status="PASS" start="2025-06-12T12:10:48.892412" elapsed="0.240241"/>
</kw>
<kw name="Set Selenium Timeout" owner="SeleniumLibrary">
<arg>${timeout}</arg>
<doc>Sets the timeout that is used by various keywords.</doc>
<status status="PASS" start="2025-06-12T12:10:49.133097" elapsed="0.049599"/>
</kw>
<arg>${LAUNCH_PAGE_URL}</arg>
<arg>${BROWSER}</arg>
<arg>${TIMEOUT}</arg>
<status status="PASS" start="2025-06-12T12:10:41.161609" elapsed="8.022680"/>
</kw>
<test id="s1-s2-s1-t1" name="Verify Latest Launch Info Inside Iframe" line="9">
<kw name="Switch To Launch Details Iframe" owner="spacex_ui_keywords">
<kw name="Wait Until Element Is Visible" owner="SeleniumLibrary">
<msg time="2025-06-12T12:11:00.709900" level="INFO" html="true">&lt;/td&gt;&lt;/tr&gt;&lt;tr&gt;&lt;td colspan="3"&gt;&lt;a href="1-selenium-screenshot-1.png"&gt;&lt;img src="1-selenium-screenshot-1.png" width="800px"&gt;&lt;/a&gt;</msg>
<msg time="2025-06-12T12:11:00.710484" level="FAIL">Element 'xpath=//iframe[@id="launch-details-frame"]' not visible after 10 seconds.</msg>
<arg>${IFRAME_FRAME}</arg>
<doc>Waits until the element ``locator`` is visible.</doc>
<status status="FAIL" start="2025-06-12T12:10:49.190341" elapsed="11.527511">Element 'xpath=//iframe[@id="launch-details-frame"]' not visible after 10 seconds.</status>
</kw>
<kw name="Select Frame" owner="SeleniumLibrary">
<arg>${IFRAME_FRAME}</arg>
<doc>Sets frame identified by ``locator`` as the current frame.</doc>
<status status="NOT RUN" start="2025-06-12T12:11:00.718757" elapsed="0.000522"/>
</kw>
<status status="FAIL" start="2025-06-12T12:10:49.189858" elapsed="11.529944">Element 'xpath=//iframe[@id="launch-details-frame"]' not visible after 10 seconds.</status>
</kw>
<kw name="Verify Content Inside Iframe" owner="spacex_ui_keywords">
<status status="NOT RUN" start="2025-06-12T12:11:00.720390" elapsed="0.000465"/>
</kw>
<kw name="Unselect Frame" owner="SeleniumLibrary">
<doc>Sets the main frame as the current frame.</doc>
<status status="NOT RUN" start="2025-06-12T12:11:00.721314" elapsed="0.000365"/>
</kw>
<status status="FAIL" start="2025-06-12T12:10:49.184716" elapsed="11.537517">Element 'xpath=//iframe[@id="launch-details-frame"]' not visible after 10 seconds.</status>
</test>
<kw name="Close Launch Browser" owner="spacex_ui_keywords" type="TEARDOWN">
<kw name="Close Browser" owner="SeleniumLibrary">
<doc>Closes the current browser.</doc>
<status status="PASS" start="2025-06-12T12:11:00.724866" elapsed="2.425502"/>
</kw>
<status status="PASS" start="2025-06-12T12:11:00.723996" elapsed="2.426624"/>
</kw>
<status status="FAIL" start="2025-06-12T12:10:38.823380" elapsed="24.327437"/>
</suite>
<suite id="s1-s2-s2" name="Launch Page Playwright" source="C:\Users\csaba\Documents\Projects\qa-suite-rec\robot-framework-python-tests\tests\gui_tests\launch_page_playwright.robot">
<test id="s1-s2-s2-t1" name="Open Latest Launch Page Using Playwright" line="10">
<kw name="New Browser">
<msg time="2025-06-12T12:10:38.842011" level="FAIL">No keyword with name 'New Browser' found.</msg>
<arg>chromium</arg>
<status status="FAIL" start="2025-06-12T12:10:38.841875" elapsed="0.000195">No keyword with name 'New Browser' found.</status>
</kw>
<kw name="New Context">
<status status="NOT RUN" start="2025-06-12T12:10:38.842581" elapsed="0.000102"/>
</kw>
<kw name="New Page">
<arg>${LAUNCH_PAGE}</arg>
<status status="NOT RUN" start="2025-06-12T12:10:38.842793" elapsed="0.000060"/>
</kw>
<kw name="Wait For Selector">
<arg>${LAUNCH_SECTION}</arg>
<status status="NOT RUN" start="2025-06-12T12:10:38.842931" elapsed="0.000050"/>
</kw>
<kw name="Page Should Contain Element">
<arg>${LAUNCH_TITLE}</arg>
<status status="NOT RUN" start="2025-06-12T12:10:38.843051" elapsed="0.000048"/>
</kw>
<kw name="Capture Page Screenshot">
<arg>results/playwright_latest_launch.png</arg>
<status status="NOT RUN" start="2025-06-12T12:10:38.843168" elapsed="0.000051"/>
</kw>
<kw name="Close Browser">
<status status="NOT RUN" start="2025-06-12T12:10:38.843282" elapsed="0.000044"/>
</kw>
<status status="FAIL" start="2025-06-12T12:10:38.840594" elapsed="0.002870">No keyword with name 'New Browser' found.</status>
</test>
<status status="FAIL" start="2025-06-12T12:10:38.828723" elapsed="0.015072"/>
</suite>
<suite id="s1-s2-s3" name="Launch Page Tests" source="C:\Users\csaba\Documents\Projects\qa-suite-rec\robot-framework-python-tests\tests\gui_tests\launch_page_tests.robot">
<kw name="Open Launch Page" owner="spacex_ui_keywords" type="SETUP">
<kw name="Open Browser" owner="SeleniumLibrary">
<msg time="2025-06-12T12:10:41.152996" level="INFO">Opening browser 'Chrome' to base url 'https://www.spacex.com/launches/latest'.</msg>
<arg>${url}</arg>
<arg>${browser}</arg>
<doc>Opens a new browser instance to the optional ``url``.</doc>
<status status="PASS" start="2025-06-12T12:10:41.152723" elapsed="7.737784"/>
</kw>
<kw name="Maximize Browser Window" owner="SeleniumLibrary">
<doc>Maximizes current browser window.</doc>
<status status="PASS" start="2025-06-12T12:10:48.892546" elapsed="0.237771"/>
</kw>
<kw name="Set Selenium Timeout" owner="SeleniumLibrary">
<arg>${timeout}</arg>
<doc>Sets the timeout that is used by various keywords.</doc>
<status status="PASS" start="2025-06-12T12:10:49.130724" elapsed="0.002044"/>
</kw>
<arg>${LAUNCH_PAGE_URL}</arg>
<arg>${BROWSER}</arg>
<arg>${TIMEOUT}</arg>
<status status="PASS" start="2025-06-12T12:10:41.151949" elapsed="7.981161"/>
</kw>
<test id="s1-s2-s3-t1" name="Verify Latest Launch Section Present" line="9">
<kw name="Verify Latest Launch Section Visible" owner="spacex_ui_keywords">
<kw name="Wait Until Element Is Visible" owner="SeleniumLibrary">
<msg time="2025-06-12T12:10:59.920362" level="INFO" html="true">&lt;/td&gt;&lt;/tr&gt;&lt;tr&gt;&lt;td colspan="3"&gt;&lt;a href="3-selenium-screenshot-1.png"&gt;&lt;img src="3-selenium-screenshot-1.png" width="800px"&gt;&lt;/a&gt;</msg>
<msg time="2025-06-12T12:10:59.920914" level="FAIL">Element 'xpath=//section[contains(., 'Latest Launch')]' not visible after 10 seconds.</msg>
<arg>${LAUNCH_SECTION}</arg>
<doc>Waits until the element ``locator`` is visible.</doc>
<status status="FAIL" start="2025-06-12T12:10:49.135510" elapsed="10.793381">Element 'xpath=//section[contains(., 'Latest Launch')]' not visible after 10 seconds.</status>
</kw>
<kw name="Page Should Contain Element" owner="SeleniumLibrary">
<arg>${LAUNCH_TITLE}</arg>
<doc>Verifies that element ``locator`` is found on the current page.</doc>
<status status="NOT RUN" start="2025-06-12T12:10:59.929782" elapsed="0.000483"/>
</kw>
<status status="FAIL" start="2025-06-12T12:10:49.134651" elapsed="10.796070">Element 'xpath=//section[contains(., 'Latest Launch')]' not visible after 10 seconds.</status>
</kw>
<status status="FAIL" start="2025-06-12T12:10:49.133258" elapsed="10.798015">Element 'xpath=//section[contains(., 'Latest Launch')]' not visible after 10 seconds.</status>
</test>
<test id="s1-s2-s3-t2" name="Capture Launch Patch Image" line="12">
<kw name="Set Variable" owner="BuiltIn">
<msg time="2025-06-12T12:10:59.933611" level="INFO">${current_screenshot} = results/visual_latest_launch.png</msg>
<var>${current_screenshot}</var>
<arg>results/visual_latest_launch.png</arg>
<doc>Returns the given values which can then be assigned to a variables.</doc>
<status status="PASS" start="2025-06-12T12:10:59.932683" elapsed="0.001091"/>
</kw>
<kw name="Capture Launch Patch Image" owner="spacex_ui_keywords">
<kw name="Wait Until Element Is Visible" owner="SeleniumLibrary">
<msg time="2025-06-12T12:11:10.804216" level="INFO" html="true">&lt;/td&gt;&lt;/tr&gt;&lt;tr&gt;&lt;td colspan="3"&gt;&lt;a href="3-selenium-screenshot-2.png"&gt;&lt;img src="3-selenium-screenshot-2.png" width="800px"&gt;&lt;/a&gt;</msg>
<msg time="2025-06-12T12:11:10.804510" level="FAIL">Element 'xpath=//img[@class="rocket-patch"]' not visible after 10 seconds.</msg>
<arg>${LAUNCH_IMG}</arg>
<doc>Waits until the element ``locator`` is visible.</doc>
<status status="FAIL" start="2025-06-12T12:10:59.935983" elapsed="10.870975">Element 'xpath=//img[@class="rocket-patch"]' not visible after 10 seconds.</status>
</kw>
<kw name="Capture Element Screenshot" owner="SeleniumLibrary">
<arg>${LAUNCH_IMG}</arg>
<arg>${save_path}</arg>
<doc>Captures a screenshot from the element identified by ``locator`` and embeds it into log file.</doc>
<status status="NOT RUN" start="2025-06-12T12:11:10.808598" elapsed="0.000290"/>
</kw>
<arg>${current_screenshot}</arg>
<status status="FAIL" start="2025-06-12T12:10:59.934503" elapsed="10.874650">Element 'xpath=//img[@class="rocket-patch"]' not visible after 10 seconds.</status>
</kw>
<status status="FAIL" start="2025-06-12T12:10:59.932186" elapsed="10.877436">Element 'xpath=//img[@class="rocket-patch"]' not visible after 10 seconds.</status>
</test>
<kw name="Close Launch Browser" owner="spacex_ui_keywords" type="TEARDOWN">
<kw name="Close Browser" owner="SeleniumLibrary">
<doc>Closes the current browser.</doc>
<status status="PASS" start="2025-06-12T12:11:10.811388" elapsed="2.322776"/>
</kw>
<status status="PASS" start="2025-06-12T12:11:10.810768" elapsed="2.323752"/>
</kw>
<status status="FAIL" start="2025-06-12T12:10:38.865428" elapsed="34.269236"/>
</suite>
<suite id="s1-s2-s4" name="Shadow Dom Tests" source="C:\Users\csaba\Documents\Projects\qa-suite-rec\robot-framework-python-tests\tests\gui_tests\shadow_dom_tests.robot">
<test id="s1-s2-s4-t1" name="Click Button Inside Shadow DOM" line="10">
<kw name="Click Shadow Button">
<msg time="2025-06-12T12:10:39.601475" level="FAIL">No keyword with name 'Click Shadow Button' found.</msg>
<arg>${HOST}</arg>
<arg>${BTN}</arg>
<status status="FAIL" start="2025-06-12T12:10:39.601255" elapsed="0.000339">No keyword with name 'Click Shadow Button' found.</status>
</kw>
<kw name="Wait Until Page Contains">
<arg>Modal Opened</arg>
<status status="NOT RUN" start="2025-06-12T12:10:39.601961" elapsed="0.000158"/>
</kw>
<status status="FAIL" start="2025-06-12T12:10:39.599404" elapsed="0.002957">No keyword with name 'Click Shadow Button' found.</status>
</test>
<status status="FAIL" start="2025-06-12T12:10:39.587549" elapsed="0.015338"/>
</suite>
<status status="FAIL" start="2025-06-12T12:10:38.821000" elapsed="34.315000"/>
</suite>
<suite id="s1-s3" name="Ui Demo" source="C:\Users\csaba\Documents\Projects\qa-suite-rec\robot-framework-python-tests\tests\ui_demo.robot">
<test id="s1-s3-t1" name="Click In Iframe And Shadow DOM" line="6">
<kw name="New Browser" owner="Browser">
<msg time="2025-06-12T12:10:39.783999" level="INFO">{"browser": "chromium", "headless": true, "chromiumSandbox": false, "devtools": false, "handleSIGHUP": true, "handleSIGINT": true, "handleSIGTERM": true, "slowMo": 0.0, "timeout": 30000.0, "tracesDir": "C:\\Users\\csaba\\Documents\\Projects\\qa-suite-rec\\robot-framework-python-tests\\reports\\pabot_results\\5\\browser\\traces\\temp\\217aec19-4f8d-4476-acdc-d79299f3880f"}</msg>
<msg time="2025-06-12T12:10:39.817675" level="FAIL">
#############################################################
#                                                           #
#  RF-Browser dependencies not found in installation path!  #
#           Run `rfbrowser init` to install.                #
#                                                           #
#############################################################
Installation path: C:\Users\csaba\Documents\Projects\qa-suite-rec\robot-framework-python-tests\.venv\Lib\site-packages\Browser\wrapper</msg>
<arg>chromium</arg>
<tag>BrowserControl</tag>
<tag>Setter</tag>
<doc>Create a new playwright Browser with specified options.</doc>
<status status="FAIL" start="2025-06-12T12:10:39.783270" elapsed="0.037558">
#############################################################
#                                                           #
#  RF-Browser dependencies not found in installation path!  #
#           Run `rfbrowser init` to install.                #
#                                                           #
#############################################################
Installation path: C:\Users\csaba\Documents\Projects\qa-suite-rec\robot-framework-python-tests\.venv\Lib\site-packages\Browser\wrapper</status>
</kw>
<kw name="New Page" owner="Browser">
<arg>https://demo.playwright.dev/shadow-dom</arg>
<tag>BrowserControl</tag>
<tag>Setter</tag>
<doc>Open a new Page.</doc>
<status status="NOT RUN" start="2025-06-12T12:10:39.821062" elapsed="0.000209"/>
</kw>
<kw name="Click With Fallback" owner="self_heal">
<var>${sel}</var>
<arg>css=span &gt;&gt; shadow=button</arg>
<arg>css=button.shadow-btn</arg>
<status status="NOT RUN" start="2025-06-12T12:10:39.821399" elapsed="0.000142"/>
</kw>
<kw name="Capture Page Screenshot">
<status status="NOT RUN" start="2025-06-12T12:10:39.821673" elapsed="0.000131"/>
</kw>
<kw name="Close Browser" owner="Browser">
<tag>BrowserControl</tag>
<tag>Setter</tag>
<doc>Closes the current browser.</doc>
<status status="NOT RUN" start="2025-06-12T12:10:39.821885" elapsed="0.000115"/>
</kw>
<status status="FAIL" start="2025-06-12T12:10:39.782582" elapsed="0.039562">
#############################################################
#                                                           #
#  RF-Browser dependencies not found in installation path!  #
#           Run `rfbrowser init` to install.                #
#                                                           #
#############################################################
Installation path: C:\Users\csaba\Documents\Projects\qa-suite-rec\robot-framework-python-tests\.venv\Lib\site-packages\Browser\wrapper</status>
</test>
<test id="s1-s3-t2" name="Data Driven Example" line="17">
<kw name="Add Numbers Should Work">
<kw name="Evaluate" owner="BuiltIn">
<msg time="2025-06-12T12:10:39.846715" level="INFO">${result} = 5</msg>
<var>${result}</var>
<arg>${a} + ${b}</arg>
<doc>Evaluates the given expression in Python and returns the result.</doc>
<status status="PASS" start="2025-06-12T12:10:39.846100" elapsed="0.000663"/>
</kw>
<kw name="Should Be Equal" owner="BuiltIn">
<msg time="2025-06-12T12:10:39.847388" level="INFO">Argument types are:
&lt;class 'int'&gt;
&lt;class 'str'&gt;</msg>
<msg time="2025-06-12T12:10:39.847568" level="FAIL">5 (integer) != 5 (string)</msg>
<arg>${result}</arg>
<arg>${expected}</arg>
<doc>Fails if the given objects are unequal.</doc>
<status status="FAIL" start="2025-06-12T12:10:39.846933" elapsed="0.000747">5 (integer) != 5 (string)</status>
</kw>
<arg>2</arg>
<arg>3</arg>
<arg>5</arg>
<status status="FAIL" start="2025-06-12T12:10:39.845463" elapsed="0.002525">5 (integer) != 5 (string)</status>
</kw>
<kw name="Add Numbers Should Work">
<kw name="Evaluate" owner="BuiltIn">
<msg time="2025-06-12T12:10:39.849472" level="INFO">${result} = 15</msg>
<var>${result}</var>
<arg>${a} + ${b}</arg>
<doc>Evaluates the given expression in Python and returns the result.</doc>
<status status="PASS" start="2025-06-12T12:10:39.848844" elapsed="0.000675"/>
</kw>
<kw name="Should Be Equal" owner="BuiltIn">
<msg time="2025-06-12T12:10:39.850100" level="INFO">Argument types are:
&lt;class 'int'&gt;
&lt;class 'str'&gt;</msg>
<msg time="2025-06-12T12:10:39.850222" level="FAIL">15 (integer) != 15 (string)</msg>
<arg>${result}</arg>
<arg>${expected}</arg>
<doc>Fails if the given objects are unequal.</doc>
<status status="FAIL" start="2025-06-12T12:10:39.849678" elapsed="0.000626">15 (integer) != 15 (string)</status>
</kw>
<arg>10</arg>
<arg>5</arg>
<arg>15</arg>
<status status="FAIL" start="2025-06-12T12:10:39.848234" elapsed="0.002308">15 (integer) != 15 (string)</status>
</kw>
<status status="FAIL" start="2025-06-12T12:10:39.845067" elapsed="0.005700">Several failures occurred:

1) 5 (integer) != 5 (string)

2) 15 (integer) != 15 (string)</status>
</test>
<status status="FAIL" start="2025-06-12T12:10:39.604151" elapsed="0.272022"/>
</suite>
<suite id="s1-s4" name="Visual Tests" source="C:\Users\csaba\Documents\Projects\qa-suite-rec\robot-framework-python-tests\tests\visual_tests">
<suite id="s1-s4-s1" name="Launch Image Comparison" source="C:\Users\csaba\Documents\Projects\qa-suite-rec\robot-framework-python-tests\tests\visual_tests\launch_image_comparison.robot">
<kw name="Open Launch Page" owner="spacex_ui_keywords" type="SETUP">
<kw name="Open Browser" owner="SeleniumLibrary">
<msg time="2025-06-12T12:10:42.532976" level="INFO">Opening browser 'Chrome' to base url 'https://www.spacex.com/launches/latest'.</msg>
<arg>${url}</arg>
<arg>${browser}</arg>
<doc>Opens a new browser instance to the optional ``url``.</doc>
<status status="PASS" start="2025-06-12T12:10:42.532731" elapsed="6.540284"/>
</kw>
<kw name="Maximize Browser Window" owner="SeleniumLibrary">
<doc>Maximizes current browser window.</doc>
<status status="PASS" start="2025-06-12T12:10:49.073270" elapsed="0.105335"/>
</kw>
<kw name="Set Selenium Timeout" owner="SeleniumLibrary">
<arg>${timeout}</arg>
<doc>Sets the timeout that is used by various keywords.</doc>
<status status="PASS" start="2025-06-12T12:10:49.178780" elapsed="0.015272"/>
</kw>
<arg>${LAUNCH_PAGE_URL}</arg>
<arg>${BROWSER}</arg>
<arg>${TIMEOUT}</arg>
<status status="PASS" start="2025-06-12T12:10:42.532065" elapsed="6.662103"/>
</kw>
<test id="s1-s4-s1-t1" name="Homepage Launch Patch Visual Comparison" line="14">
<kw name="Capture Page Screenshot" owner="SeleniumLibrary">
<msg time="2025-06-12T12:10:49.308833" level="INFO" html="true">&lt;/td&gt;&lt;/tr&gt;&lt;tr&gt;&lt;td colspan="3"&gt;&lt;a href="results/latest_launch_current.png"&gt;&lt;img src="results/latest_launch_current.png" width="800px"&gt;&lt;/a&gt;</msg>
<arg>${CURRENT}</arg>
<doc>Takes a screenshot of the current page and embeds it into a log file.</doc>
<status status="PASS" start="2025-06-12T12:10:49.195514" elapsed="0.113419"/>
</kw>
<kw name="Compare With Baseline" owner="visual_keywords">
<kw name="Compare Images">
<msg time="2025-06-12T12:10:49.311370" level="FAIL">No keyword with name 'Compare Images' found.</msg>
<var>${result}</var>
<arg>${baseline}</arg>
<arg>${current}</arg>
<arg>${tolerance}</arg>
<status status="FAIL" start="2025-06-12T12:10:49.311057" elapsed="0.000406">No keyword with name 'Compare Images' found.</status>
</kw>
<kw name="Run Keyword If" owner="BuiltIn">
<arg>'${result}' != 'PASS'</arg>
<arg>Fail</arg>
<arg>Visual comparison failed: ${result}</arg>
<doc>Runs the given keyword with the given arguments, if ``condition`` is true.</doc>
<status status="NOT RUN" start="2025-06-12T12:10:49.312018" elapsed="0.000193"/>
</kw>
<arg>${BASELINE}</arg>
<arg>${CURRENT}</arg>
<arg>${TOL}</arg>
<status status="FAIL" start="2025-06-12T12:10:49.309133" elapsed="0.003336">No keyword with name 'Compare Images' found.</status>
</kw>
<status status="FAIL" start="2025-06-12T12:10:49.194254" elapsed="0.118559">No keyword with name 'Compare Images' found.</status>
</test>
<kw name="Close Launch Browser" owner="spacex_ui_keywords" type="TEARDOWN">
<kw name="Close Browser" owner="SeleniumLibrary">
<doc>Closes the current browser.</doc>
<status status="PASS" start="2025-06-12T12:10:49.314372" elapsed="2.117785"/>
</kw>
<status status="PASS" start="2025-06-12T12:10:49.313817" elapsed="2.118462"/>
</kw>
<status status="FAIL" start="2025-06-12T12:10:40.313111" elapsed="11.119213"/>
</suite>
<status status="FAIL" start="2025-06-12T12:10:40.312026" elapsed="11.121036"/>
</suite>
<doc>[https://pabot.org/?ref=log|Pabot] result from 7 executions.</doc>
<status status="FAIL" start="2025-06-12T12:10:38.807000" elapsed="34.330000"/>
</suite>
<statistics>
<total>
<stat pass="0" fail="9" skip="0">All Tests</stat>
</total>
<tag>
</tag>
<suite>
<stat name="Tests" id="s1" pass="0" fail="9" skip="0">Tests</stat>
<stat name="Api Tests" id="s1-s1" pass="0" fail="1" skip="0">Tests.Api Tests</stat>
<stat name="Data Driven Launch Tests" id="s1-s1-s1" pass="0" fail="1" skip="0">Tests.Api Tests.Data Driven Launch Tests</stat>
<stat name="Gui Tests" id="s1-s2" pass="0" fail="5" skip="0">Tests.Gui Tests</stat>
<stat name="Iframe Launch Tests" id="s1-s2-s1" pass="0" fail="1" skip="0">Tests.Gui Tests.Iframe Launch Tests</stat>
<stat name="Launch Page Playwright" id="s1-s2-s2" pass="0" fail="1" skip="0">Tests.Gui Tests.Launch Page Playwright</stat>
<stat name="Launch Page Tests" id="s1-s2-s3" pass="0" fail="2" skip="0">Tests.Gui Tests.Launch Page Tests</stat>
<stat name="Shadow Dom Tests" id="s1-s2-s4" pass="0" fail="1" skip="0">Tests.Gui Tests.Shadow Dom Tests</stat>
<stat name="Ui Demo" id="s1-s3" pass="0" fail="2" skip="0">Tests.Ui Demo</stat>
<stat name="Visual Tests" id="s1-s4" pass="0" fail="1" skip="0">Tests.Visual Tests</stat>
<stat name="Launch Image Comparison" id="s1-s4-s1" pass="0" fail="1" skip="0">Tests.Visual Tests.Launch Image Comparison</stat>
</suite>
</statistics>
<errors>
<msg time="2025-06-12T12:10:38.843647" level="ERROR">Error in file 'C:\Users\csaba\Documents\Projects\qa-suite-rec\robot-framework-python-tests\tests\api_tests\data_driven_launch_tests.robot' on line 2: Resource file '..\..\keywords.robot' does not exist.</msg>
<msg time="2025-06-12T12:10:38.830877" level="ERROR">Error in file 'C:\Users\csaba\Documents\Projects\qa-suite-rec\robot-framework-python-tests\tests\gui_tests\launch_page_playwright.robot' on line 2: Importing library 'BrowserLibrary' failed: ModuleNotFoundError: No module named 'BrowserLibrary'
Traceback (most recent call last):
  None
PYTHONPATH:
  C:\Users\csaba\Documents\Projects\qa-suite-rec\robot-framework-python-tests\.venv\Scripts\robot.exe
  C:\Users\csaba\AppData\Local\Programs\Python\Python313\python313.zip
  C:\Users\csaba\AppData\Local\Programs\Python\Python313\DLLs
  C:\Users\csaba\AppData\Local\Programs\Python\Python313\Lib
  C:\Users\csaba\AppData\Local\Programs\Python\Python313
  C:\Users\csaba\Documents\Projects\qa-suite-rec\robot-framework-python-tests\.venv
  C:\Users\csaba\Documents\Projects\qa-suite-rec\robot-framework-python-tests\.venv\Lib\site-packages</msg>
<msg time="2025-06-12T12:10:39.595377" level="ERROR">Error in file 'C:\Users\csaba\Documents\Projects\qa-suite-rec\robot-framework-python-tests\tests\gui_tests\shadow_dom_tests.robot' on line 2: Importing library 'C:\Users\csaba\Documents\Projects\qa-suite-rec\robot-framework-python-tests\resources\keywords\custom_playwright.py' failed: ModuleNotFoundError: No module named 'BrowserLibrary'
Traceback (most recent call last):
  File "C:\Users\csaba\Documents\Projects\qa-suite-rec\robot-framework-python-tests\resources\keywords\custom_playwright.py", line 1, in &lt;module&gt;
    from BrowserLibrary import Browser
PYTHONPATH:
  C:\Users\csaba\Documents\Projects\qa-suite-rec\robot-framework-python-tests\resources\keywords
  C:\Users\csaba\Documents\Projects\qa-suite-rec\robot-framework-python-tests\.venv\Scripts\robot.exe
  C:\Users\csaba\AppData\Local\Programs\Python\Python313\python313.zip
  C:\Users\csaba\AppData\Local\Programs\Python\Python313\DLLs
  C:\Users\csaba\AppData\Local\Programs\Python\Python313\Lib
  C:\Users\csaba\AppData\Local\Programs\Python\Python313
  C:\Users\csaba\Documents\Projects\qa-suite-rec\robot-framework-python-tests\.venv
  C:\Users\csaba\Documents\Projects\qa-suite-rec\robot-framework-python-tests\.venv\Lib\site-packages</msg>
<msg time="2025-06-12T12:10:39.844293" level="ERROR">Calling method '_end_test' of listener 'Browser' failed: 
#############################################################
#                                                           #
#  RF-Browser dependencies not found in installation path!  #
#           Run `rfbrowser init` to install.                #
#                                                           #
#############################################################
Installation path: C:\Users\csaba\Documents\Projects\qa-suite-rec\robot-framework-python-tests\.venv\Lib\site-packages\Browser\wrapper</msg>
<msg time="2025-06-12T12:10:39.875376" level="ERROR">Calling method '_end_test' of listener 'Browser' failed: 
#############################################################
#                                                           #
#  RF-Browser dependencies not found in installation path!  #
#           Run `rfbrowser init` to install.                #
#                                                           #
#############################################################
Installation path: C:\Users\csaba\Documents\Projects\qa-suite-rec\robot-framework-python-tests\.venv\Lib\site-packages\Browser\wrapper</msg>
<msg time="2025-06-12T12:10:39.901509" level="ERROR">Calling method '_end_suite' of listener 'Browser' failed: 
#############################################################
#                                                           #
#  RF-Browser dependencies not found in installation path!  #
#           Run `rfbrowser init` to install.                #
#                                                           #
#############################################################
Installation path: C:\Users\csaba\Documents\Projects\qa-suite-rec\robot-framework-python-tests\.venv\Lib\site-packages\Browser\wrapper</msg>
</errors>
</robot>
