<?xml version="1.0" encoding="UTF-8"?>
<robot generator="Robot 7.3 (Python 3.13.1 on win32)" generated="2025-06-12T12:10:38.792433" rpa="false" schemaversion="5">
<suite id="s1" name="Tests" source="C:\Users\csaba\Documents\Projects\qa-suite-rec\robot-framework-python-tests\tests">
<suite id="s1-s1" name="Gui Tests" source="C:\Users\csaba\Documents\Projects\qa-suite-rec\robot-framework-python-tests\tests\gui_tests">
<suite id="s1-s1-s1" name="Launch Page Playwright" source="C:\Users\csaba\Documents\Projects\qa-suite-rec\robot-framework-python-tests\tests\gui_tests\launch_page_playwright.robot">
<test id="s1-s1-s1-t1" name="Open Latest Launch Page Using Playwright" line="10">
<kw name="New Browser">
<msg time="2025-06-12T12:10:38.842011" level="FAIL">No keyword with name 'New Browser' found.</msg>
<arg>chromium</arg>
<status status="FAIL" start="2025-06-12T12:10:38.841875" elapsed="0.000195">No keyword with name 'New Browser' found.</status>
</kw>
<kw name="New Context">
<status status="NOT RUN" start="2025-06-12T12:10:38.842581" elapsed="0.000102"/>
</kw>
<kw name="New Page">
<arg>${LAUNCH_PAGE}</arg>
<status status="NOT RUN" start="2025-06-12T12:10:38.842793" elapsed="0.000060"/>
</kw>
<kw name="Wait For Selector">
<arg>${LAUNCH_SECTION}</arg>
<status status="NOT RUN" start="2025-06-12T12:10:38.842931" elapsed="0.000050"/>
</kw>
<kw name="Page Should Contain Element">
<arg>${LAUNCH_TITLE}</arg>
<status status="NOT RUN" start="2025-06-12T12:10:38.843051" elapsed="0.000048"/>
</kw>
<kw name="Capture Page Screenshot">
<arg>results/playwright_latest_launch.png</arg>
<status status="NOT RUN" start="2025-06-12T12:10:38.843168" elapsed="0.000051"/>
</kw>
<kw name="Close Browser">
<status status="NOT RUN" start="2025-06-12T12:10:38.843282" elapsed="0.000044"/>
</kw>
<status status="FAIL" start="2025-06-12T12:10:38.840594" elapsed="0.002870">No keyword with name 'New Browser' found.</status>
</test>
<status status="FAIL" start="2025-06-12T12:10:38.828723" elapsed="0.015072"/>
</suite>
<status status="FAIL" start="2025-06-12T12:10:38.827250" elapsed="0.016887"/>
</suite>
<status status="FAIL" start="2025-06-12T12:10:38.816281" elapsed="0.028126"/>
</suite>
<statistics>
<total>
<stat pass="0" fail="1" skip="0">All Tests</stat>
</total>
<tag>
</tag>
<suite>
<stat name="Tests" id="s1" pass="0" fail="1" skip="0">Tests</stat>
<stat name="Gui Tests" id="s1-s1" pass="0" fail="1" skip="0">Tests.Gui Tests</stat>
<stat name="Launch Page Playwright" id="s1-s1-s1" pass="0" fail="1" skip="0">Tests.Gui Tests.Launch Page Playwright</stat>
</suite>
</statistics>
<errors>
<msg time="2025-06-12T12:10:38.830877" level="ERROR">Error in file 'C:\Users\csaba\Documents\Projects\qa-suite-rec\robot-framework-python-tests\tests\gui_tests\launch_page_playwright.robot' on line 2: Importing library 'BrowserLibrary' failed: ModuleNotFoundError: No module named 'BrowserLibrary'
Traceback (most recent call last):
  None
PYTHONPATH:
  C:\Users\csaba\Documents\Projects\qa-suite-rec\robot-framework-python-tests\.venv\Scripts\robot.exe
  C:\Users\csaba\AppData\Local\Programs\Python\Python313\python313.zip
  C:\Users\csaba\AppData\Local\Programs\Python\Python313\DLLs
  C:\Users\csaba\AppData\Local\Programs\Python\Python313\Lib
  C:\Users\csaba\AppData\Local\Programs\Python\Python313
  C:\Users\csaba\Documents\Projects\qa-suite-rec\robot-framework-python-tests\.venv
  C:\Users\csaba\Documents\Projects\qa-suite-rec\robot-framework-python-tests\.venv\Lib\site-packages</msg>
</errors>
</robot>
