<?xml version="1.0" encoding="UTF-8"?>
<robot generator="Robot 7.3 (Python 3.13.1 on win32)" generated="2025-06-12T12:10:39.550533" rpa="false" schemaversion="5">
<suite id="s1" name="Tests" source="C:\Users\csaba\Documents\Projects\qa-suite-rec\robot-framework-python-tests\tests">
<suite id="s1-s1" name="Gui Tests" source="C:\Users\csaba\Documents\Projects\qa-suite-rec\robot-framework-python-tests\tests\gui_tests">
<suite id="s1-s1-s1" name="Shadow Dom Tests" source="C:\Users\csaba\Documents\Projects\qa-suite-rec\robot-framework-python-tests\tests\gui_tests\shadow_dom_tests.robot">
<test id="s1-s1-s1-t1" name="Click Button Inside Shadow DOM" line="10">
<kw name="Click Shadow Button">
<msg time="2025-06-12T12:10:39.601475" level="FAIL">No keyword with name 'Click Shadow Button' found.</msg>
<arg>${HOST}</arg>
<arg>${BTN}</arg>
<status status="FAIL" start="2025-06-12T12:10:39.601255" elapsed="0.000339">No keyword with name 'Click Shadow Button' found.</status>
</kw>
<kw name="Wait Until Page Contains">
<arg>Modal Opened</arg>
<status status="NOT RUN" start="2025-06-12T12:10:39.601961" elapsed="0.000158"/>
</kw>
<status status="FAIL" start="2025-06-12T12:10:39.599404" elapsed="0.002957">No keyword with name 'Click Shadow Button' found.</status>
</test>
<status status="FAIL" start="2025-06-12T12:10:39.587549" elapsed="0.015338"/>
</suite>
<status status="FAIL" start="2025-06-12T12:10:39.586330" elapsed="0.016903"/>
</suite>
<status status="FAIL" start="2025-06-12T12:10:39.574887" elapsed="0.028612"/>
</suite>
<statistics>
<total>
<stat pass="0" fail="1" skip="0">All Tests</stat>
</total>
<tag>
</tag>
<suite>
<stat name="Tests" id="s1" pass="0" fail="1" skip="0">Tests</stat>
<stat name="Gui Tests" id="s1-s1" pass="0" fail="1" skip="0">Tests.Gui Tests</stat>
<stat name="Shadow Dom Tests" id="s1-s1-s1" pass="0" fail="1" skip="0">Tests.Gui Tests.Shadow Dom Tests</stat>
</suite>
</statistics>
<errors>
<msg time="2025-06-12T12:10:39.595377" level="ERROR">Error in file 'C:\Users\csaba\Documents\Projects\qa-suite-rec\robot-framework-python-tests\tests\gui_tests\shadow_dom_tests.robot' on line 2: Importing library 'C:\Users\csaba\Documents\Projects\qa-suite-rec\robot-framework-python-tests\resources\keywords\custom_playwright.py' failed: ModuleNotFoundError: No module named 'BrowserLibrary'
Traceback (most recent call last):
  File "C:\Users\csaba\Documents\Projects\qa-suite-rec\robot-framework-python-tests\resources\keywords\custom_playwright.py", line 1, in &lt;module&gt;
    from BrowserLibrary import Browser
PYTHONPATH:
  C:\Users\csaba\Documents\Projects\qa-suite-rec\robot-framework-python-tests\resources\keywords
  C:\Users\csaba\Documents\Projects\qa-suite-rec\robot-framework-python-tests\.venv\Scripts\robot.exe
  C:\Users\csaba\AppData\Local\Programs\Python\Python313\python313.zip
  C:\Users\csaba\AppData\Local\Programs\Python\Python313\DLLs
  C:\Users\csaba\AppData\Local\Programs\Python\Python313\Lib
  C:\Users\csaba\AppData\Local\Programs\Python\Python313
  C:\Users\csaba\Documents\Projects\qa-suite-rec\robot-framework-python-tests\.venv
  C:\Users\csaba\Documents\Projects\qa-suite-rec\robot-framework-python-tests\.venv\Lib\site-packages</msg>
</errors>
</robot>
